[2023-12-26 08:03:36,270: INFO: main: welcome to the custom log]
[2023-12-26 08:12:59,050: INFO: main: welcome to the custom log]
[2023-12-26 08:54:59,849: INFO: main: welcome to the custom log]
[2023-12-26 08:55:30,714: INFO: main: welcome to the custom log]
[2023-12-26 13:22:23,505: INFO: common: yaml file: config\config.yaml loaded successfully]
[2023-12-26 13:22:23,532: INFO: common: yaml file: params.yaml loaded successfully]
[2023-12-26 13:22:23,537: INFO: common: created directory at: artifacts]
[2023-12-26 13:22:23,541: INFO: common: created directory at: artifacts/data_ingestion]
[2023-12-26 13:22:23,549: INFO: 986331348: Downloading data from https://drive.google.com/file/d/1vlhZ5c7abUKF8xXERIw6m9Te8fW7ohw3/view?usp=sharing into file artifacts/data_ingestion/data.zip]
[2023-12-26 13:23:51,203: INFO: 986331348: Downloaded data from https://drive.google.com/file/d/1vlhZ5c7abUKF8xXERIw6m9Te8fW7ohw3/view?usp=sharing into file artifacts/data_ingestion/data.zip]
[2023-12-26 13:53:33,723: INFO: main: >>>>>> stage Data Ingestion stage started <<<<<<]
[2023-12-26 13:53:33,734: INFO: common: yaml file: config\config.yaml loaded successfully]
[2023-12-26 13:53:33,736: INFO: common: yaml file: params.yaml loaded successfully]
[2023-12-26 13:53:33,738: INFO: common: created directory at: artifacts]
[2023-12-26 13:53:33,739: INFO: common: created directory at: artifacts/data_ingestion]
[2023-12-26 13:53:33,745: INFO: data_ingestion: Downloading data from https://drive.google.com/file/d/1vlhZ5c7abUKF8xXERIw6m9Te8fW7ohw3/view?usp=sharing into file artifacts/data_ingestion/data.zip]
[2023-12-26 13:55:14,336: INFO: data_ingestion: Downloaded data from https://drive.google.com/file/d/1vlhZ5c7abUKF8xXERIw6m9Te8fW7ohw3/view?usp=sharing into file artifacts/data_ingestion/data.zip]
[2023-12-26 13:55:16,383: INFO: main: >>>>>> stage Data Ingestion stage completed <<<<<<

x==========x]
[2023-12-26 14:34:09,170: INFO: common: yaml file: config\config.yaml loaded successfully]
[2023-12-26 14:34:09,207: INFO: common: yaml file: params.yaml loaded successfully]
[2023-12-26 14:34:09,214: INFO: common: created directory at: artifacts]
[2023-12-26 14:34:09,218: INFO: common: created directory at: artifacts/prepare_base_model]
[2023-12-26 14:34:54,683: WARNING: saving_utils: Compiled the loaded model, but the compiled metrics have yet to be built. `model.compile_metrics` will be empty until you train or evaluate the model.]
[2023-12-26 14:46:06,958: INFO: main: >>>>>> stage Data Ingestion stage started <<<<<<]
[2023-12-26 14:46:06,971: INFO: common: yaml file: config\config.yaml loaded successfully]
[2023-12-26 14:46:06,981: INFO: common: yaml file: params.yaml loaded successfully]
[2023-12-26 14:46:06,995: INFO: common: created directory at: artifacts]
[2023-12-26 14:46:07,004: INFO: common: created directory at: artifacts/data_ingestion]
[2023-12-26 14:46:07,012: INFO: data_ingestion: Downloading data from https://drive.google.com/file/d/1vlhZ5c7abUKF8xXERIw6m9Te8fW7ohw3/view?usp=sharing into file artifacts/data_ingestion/data.zip]
[2023-12-26 14:46:57,810: INFO: data_ingestion: Downloaded data from https://drive.google.com/file/d/1vlhZ5c7abUKF8xXERIw6m9Te8fW7ohw3/view?usp=sharing into file artifacts/data_ingestion/data.zip]
[2023-12-26 14:46:59,956: INFO: main: >>>>>> stage Data Ingestion stage completed <<<<<<

x==========x]
[2023-12-26 14:46:59,958: INFO: main: *******************]
[2023-12-26 14:46:59,958: INFO: main: >>>>>> stage Prepare base model started <<<<<<]
[2023-12-26 14:46:59,970: INFO: common: yaml file: config\config.yaml loaded successfully]
[2023-12-26 14:46:59,979: INFO: common: yaml file: params.yaml loaded successfully]
[2023-12-26 14:46:59,984: INFO: common: created directory at: artifacts]
[2023-12-26 14:47:00,007: INFO: common: created directory at: artifacts/prepare_base_model]
[2023-12-26 14:47:01,173: WARNING: saving_utils: Compiled the loaded model, but the compiled metrics have yet to be built. `model.compile_metrics` will be empty until you train or evaluate the model.]
[2023-12-26 14:47:01,996: INFO: main: >>>>>> stage Prepare base model completed <<<<<<

x==========x]
[2023-12-26 14:56:11,962: INFO: common: yaml file: config\config.yaml loaded successfully]
[2023-12-26 14:56:11,973: INFO: common: yaml file: params.yaml loaded successfully]
[2023-12-26 14:56:11,978: INFO: common: created directory at: artifacts]
[2023-12-26 14:56:11,984: INFO: common: created directory at: artifacts\training]
[2023-12-26 15:14:03,031: INFO: main: >>>>>> stage Data Ingestion stage started <<<<<<]
[2023-12-26 15:14:03,040: INFO: common: yaml file: config\config.yaml loaded successfully]
[2023-12-26 15:14:03,044: INFO: common: yaml file: params.yaml loaded successfully]
[2023-12-26 15:14:03,045: INFO: common: created directory at: artifacts]
[2023-12-26 15:14:03,047: INFO: common: created directory at: artifacts/data_ingestion]
[2023-12-26 15:14:03,048: INFO: data_ingestion: Downloading data from https://drive.google.com/file/d/1vlhZ5c7abUKF8xXERIw6m9Te8fW7ohw3/view?usp=sharing into file artifacts/data_ingestion/data.zip]
[2023-12-26 15:15:04,315: INFO: main: >>>>>> stage Data Ingestion stage started <<<<<<]
[2023-12-26 15:15:04,321: INFO: common: yaml file: config\config.yaml loaded successfully]
[2023-12-26 15:15:04,325: INFO: common: yaml file: params.yaml loaded successfully]
[2023-12-26 15:15:04,327: INFO: common: created directory at: artifacts]
[2023-12-26 15:15:04,328: INFO: common: created directory at: artifacts/data_ingestion]
[2023-12-26 15:15:04,329: INFO: data_ingestion: Downloading data from https://drive.google.com/file/d/1vlhZ5c7abUKF8xXERIw6m9Te8fW7ohw3/view?usp=sharing into file artifacts/data_ingestion/data.zip]
[2023-12-26 15:16:33,502: INFO: data_ingestion: Downloaded data from https://drive.google.com/file/d/1vlhZ5c7abUKF8xXERIw6m9Te8fW7ohw3/view?usp=sharing into file artifacts/data_ingestion/data.zip]
[2023-12-26 15:16:35,359: INFO: main: >>>>>> stage Data Ingestion stage completed <<<<<<

x==========x]
[2023-12-26 15:16:35,361: INFO: main: *******************]
[2023-12-26 15:16:35,362: INFO: main: >>>>>> stage Prepare base model started <<<<<<]
[2023-12-26 15:16:35,370: INFO: common: yaml file: config\config.yaml loaded successfully]
[2023-12-26 15:16:35,374: INFO: common: yaml file: params.yaml loaded successfully]
[2023-12-26 15:16:35,376: INFO: common: created directory at: artifacts]
[2023-12-26 15:16:35,378: INFO: common: created directory at: artifacts/prepare_base_model]
[2023-12-26 15:16:36,640: WARNING: saving_utils: Compiled the loaded model, but the compiled metrics have yet to be built. `model.compile_metrics` will be empty until you train or evaluate the model.]
[2023-12-26 15:16:37,272: INFO: main: >>>>>> stage Prepare base model completed <<<<<<

x==========x]
[2023-12-26 15:16:37,273: INFO: main: *******************]
[2023-12-26 15:16:37,274: INFO: main: >>>>>> stage Training started <<<<<<]
[2023-12-26 15:16:37,281: INFO: common: yaml file: config\config.yaml loaded successfully]
[2023-12-26 15:16:37,285: INFO: common: yaml file: params.yaml loaded successfully]
[2023-12-26 15:16:37,287: INFO: common: created directory at: artifacts]
[2023-12-26 15:16:37,288: INFO: common: created directory at: artifacts\training]
[2023-12-26 15:19:36,394: INFO: main: >>>>>> stage Training completed <<<<<<

x==========x]
